LED turned off
Using physical GPIO
Connecting to https://pi-control.herokuapp.com/camera
Motion detected.
Sensor inactive, not reporting motion.
Camera connected, registering My Pi
Sensor reset
PiSim: Turning motion detection system on
Sensor on.
Motion detected.
Motion detected by sensor. Sending motion event to cloud and starting camera
Sensor off.
Starting image capture.
LED turned on
calling....
/opt/vc/bin/raspistill --output /home/pi/Code/pi-cam/camera/images/capture/20160419013113/frame_%04d.jpg --timelapse 125 --rotation 180 --timeout 30000 --width 640 --height 480
raspicam::watcher::event rename
raspicam::watcher::event change
raspicam::watcher::event change
raspicam::watcher::event change
raspicam::watcher::event change
raspicam::watcher::event change
raspicam::watcher::event rename
raspicam::watcher::event rename
stderr: mmal: Skipping frame 2 to restart at frame 4

raspicam::watcher::event rename
raspicam::watcher::event change
raspicam::watcher::event rename
raspicam::watcher::event rename
raspicam::watcher::event rename
stderr: mmal: Skipping frame 5 to restart at frame 8

raspicam::watcher::event change
raspicam::watcher::event change
raspicam::watcher::event change
raspicam::watcher::event change
raspicam::watcher::event change
raspicam::watcher::event rename
raspicam::watcher::event rename
stderr: mmal: Skipping frame 9 to restart at frame 12

raspicam::watcher::event rename
raspicam::watcher::event change
raspicam::watcher::event change
raspicam::watcher::event change
raspicam::watcher::event change
raspicam::watcher::event change
raspicam::watcher::event rename
raspicam::watcher::event rename
stderr: mmal: Skipping frame 13 to restart at frame 17

raspicam::watcher::event rename
raspicam::watcher::event change
raspicam::watcher::event change
raspicam::watcher::event change
raspicam::watcher::event change
raspicam::watcher::event change
raspicam::watcher::event rename
raspicam::watcher::event rename
stderr: mmal: Skipping frame 18 to restart at frame 21

raspicam::watcher::event rename
raspicam::watcher::event change
raspicam::watcher::event change
raspicam::watcher::event change
raspicam::watcher::event change
raspicam::watcher::event change
raspicam::watcher::event rename
raspicam::watcher::event rename
stderr: mmal: Skipping frame 22 to restart at frame 25

raspicam::watcher::event rename
raspicam::watcher::event change
raspicam::watcher::event change
raspicam::watcher::event change
raspicam::watcher::event change
raspicam::watcher::event change
raspicam::watcher::event rename
raspicam::watcher::event rename
stderr: mmal: Skipping frame 26 to restart at frame 30

raspicam::watcher::event rename
raspicam::watcher::event change
raspicam::watcher::event change
raspicam::watcher::event change
raspicam::watcher::event change
raspicam::watcher::event change
raspicam::watcher::event rename
raspicam::watcher::event rename
stderr: mmal: Skipping frame 31 to restart at frame 34

raspicam::watcher::event rename
raspicam::watcher::event change
raspicam::watcher::event change
raspicam::watcher::event change
raspicam::watcher::event change
raspicam::watcher::event change
raspicam::watcher::event rename
raspicam::watcher::event rename
stderr: mmal: Skipping frame 35 to restart at frame 38

raspicam::watcher::event rename
raspicam::watcher::event change
raspicam::watcher::event change
raspicam::watcher::event change
raspicam::watcher::event change
raspicam::watcher::event change
raspicam::watcher::event rename
raspicam::watcher::event rename
stderr: mmal: Skipping frame 39 to restart at frame 42

raspicam::watcher::event rename
raspicam::watcher::event change
raspicam::watcher::event change
raspicam::watcher::event change
raspicam::watcher::event change
raspicam::watcher::event change
raspicam::watcher::event rename
raspicam::watcher::event rename
stderr: mmal: Skipping frame 43 to restart at frame 47

raspicam::watcher::event rename
raspicam::watcher::event change
raspicam::watcher::event change
raspicam::watcher::event change
raspicam::watcher::event change
raspicam::watcher::event change
raspicam::watcher::event rename
raspicam::watcher::event rename
stderr: mmal: Skipping frame 48 to restart at frame 51

raspicam::watcher::event rename
raspicam::watcher::event change
raspicam::watcher::event change
raspicam::watcher::event change
raspicam::watcher::event change
raspicam::watcher::event change
raspicam::watcher::event rename
raspicam::watcher::event rename
stderr: mmal: Skipping frame 52 to restart at frame 55

raspicam::watcher::event rename
raspicam::watcher::event change
raspicam::watcher::event change
raspicam::watcher::event change
raspicam::watcher::event rename
raspicam::watcher::event rename
stderr: mmal: Skipping frame 56 to restart at frame 60

raspicam::watcher::event rename
raspicam::watcher::event change
raspicam::watcher::event change
raspicam::watcher::event change
raspicam::watcher::event change
raspicam::watcher::event change
raspicam::watcher::event change
raspicam::watcher::event rename
raspicam::watcher::event rename
stderr: mmal: Skipping frame 61 to restart at frame 64

Sensor reset
raspicam::watcher::event rename
raspicam::watcher::event change
raspicam::watcher::event change
raspicam::watcher::event change
raspicam::watcher::event change
raspicam::watcher::event change
raspicam::watcher::event change
raspicam::watcher::event rename
raspicam::watcher::event rename
stderr: mmal: Skipping frame 65 to restart at frame 68

raspicam::watcher::event rename
raspicam::watcher::event change
raspicam::watcher::event change
raspicam::watcher::event change
raspicam::watcher::event change
raspicam::watcher::event rename
raspicam::watcher::event rename
stderr: mmal: Skipping frame 69 to restart at frame 73

raspicam::watcher::event rename
raspicam::watcher::event change
raspicam::watcher::event change
raspicam::watcher::event change
raspicam::watcher::event change
raspicam::watcher::event change
raspicam::watcher::event rename
raspicam::watcher::event rename
stderr: mmal: Skipping frame 74 to restart at frame 77

raspicam::watcher::event rename
raspicam::watcher::event change
raspicam::watcher::event change
raspicam::watcher::event change
raspicam::watcher::event change
raspicam::watcher::event change
raspicam::watcher::event rename
raspicam::watcher::event rename
stderr: mmal: Skipping frame 78 to restart at frame 81

raspicam::watcher::event rename
raspicam::watcher::event change
raspicam::watcher::event change
raspicam::watcher::event change
raspicam::watcher::event change
raspicam::watcher::event change
raspicam::watcher::event rename
raspicam::watcher::event rename
stderr: mmal: Skipping frame 82 to restart at frame 86

raspicam::watcher::event rename
raspicam::watcher::event change
raspicam::watcher::event change
raspicam::watcher::event change
raspicam::watcher::event change
raspicam::watcher::event change
raspicam::watcher::event rename
raspicam::watcher::event rename
stderr: mmal: Skipping frame 87 to restart at frame 90

raspicam::watcher::event rename
raspicam::watcher::event change
raspicam::watcher::event change
raspicam::watcher::event change
raspicam::watcher::event change
raspicam::watcher::event change
raspicam::watcher::event change
raspicam::watcher::event rename
raspicam::watcher::event rename
stderr: mmal: Skipping frame 91 to restart at frame 94

raspicam::watcher::event rename
raspicam::watcher::event change
raspicam::watcher::event change
raspicam::watcher::event change
raspicam::watcher::event change
raspicam::watcher::event change
raspicam::watcher::event change
raspicam::watcher::event rename
raspicam::watcher::event rename
stderr: mmal: Skipping frame 95 to restart at frame 98

raspicam::watcher::event rename
raspicam::watcher::event change
raspicam::watcher::event change
raspicam::watcher::event change
raspicam::watcher::event change
raspicam::watcher::event change
raspicam::watcher::event change
raspicam::watcher::event rename
raspicam::watcher::event rename
stderr: mmal: Skipping frame 99 to restart at frame 103

raspicam::watcher::event rename
raspicam::watcher::event change
raspicam::watcher::event change
raspicam::watcher::event rename
raspicam::watcher::event rename
stderr: mmal: Skipping frame 104 to restart at frame 118

raspicam::watcher::event rename
raspicam::watcher::event change
raspicam::watcher::event change
raspicam::watcher::event change
raspicam::watcher::event change
raspicam::watcher::event change
raspicam::watcher::event change
raspicam::watcher::event rename
raspicam::watcher::event rename
stderr: mmal: Skipping frame 119 to restart at frame 121

raspicam::watcher::event rename
raspicam::watcher::event change
raspicam::watcher::event change
raspicam::watcher::event change
raspicam::watcher::event change
raspicam::watcher::event change
raspicam::watcher::event change
raspicam::watcher::event rename
raspicam::watcher::event rename
stderr: mmal: Skipping frame 122 to restart at frame 125

raspicam::watcher::event rename
raspicam::watcher::event change
raspicam::watcher::event change
raspicam::watcher::event change
raspicam::watcher::event change
raspicam::watcher::event change
raspicam::watcher::event rename
raspicam::watcher::event rename
stderr: mmal: Skipping frame 126 to restart at frame 129

raspicam::watcher::event rename
raspicam::watcher::event change
raspicam::watcher::event change
raspicam::watcher::event change
raspicam::watcher::event change
raspicam::watcher::event change
raspicam::watcher::event rename
raspicam::watcher::event rename
stderr: mmal: Skipping frame 130 to restart at frame 134

raspicam::watcher::event rename
raspicam::watcher::event change
raspicam::watcher::event change
raspicam::watcher::event change
raspicam::watcher::event change
raspicam::watcher::event change
raspicam::watcher::event change
raspicam::watcher::event rename
raspicam::watcher::event rename
stderr: mmal: Skipping frame 135 to restart at frame 138

raspicam::watcher::event rename
raspicam::watcher::event change
raspicam::watcher::event change
raspicam::watcher::event change
raspicam::watcher::event change
raspicam::watcher::event change
raspicam::watcher::event change
raspicam::watcher::event rename
raspicam::watcher::event rename
stderr: mmal: Skipping frame 139 to restart at frame 142

raspicam::watcher::event rename
raspicam::watcher::event change
raspicam::watcher::event change
raspicam::watcher::event change
raspicam::watcher::event change
raspicam::watcher::event change
raspicam::watcher::event change
raspicam::watcher::event rename
raspicam::watcher::event rename
stderr: mmal: Skipping frame 143 to restart at frame 147

raspicam::watcher::event rename
raspicam::watcher::event change
raspicam::watcher::event change
raspicam::watcher::event change
raspicam::watcher::event change
raspicam::watcher::event change
raspicam::watcher::event change
raspicam::watcher::event rename
raspicam::watcher::event rename
stderr: mmal: Skipping frame 148 to restart at frame 151

raspicam::watcher::event rename
raspicam::watcher::event change
raspicam::watcher::event change
raspicam::watcher::event change
raspicam::watcher::event change
raspicam::watcher::event change
raspicam::watcher::event change
raspicam::watcher::event rename
raspicam::watcher::event rename
stderr: mmal: Skipping frame 152 to restart at frame 155

raspicam::watcher::event rename
raspicam::watcher::event change
raspicam::watcher::event change
raspicam::watcher::event change
raspicam::watcher::event rename
raspicam::watcher::event rename
stderr: mmal: Skipping frame 156 to restart at frame 160

raspicam::watcher::event rename
raspicam::watcher::event change
raspicam::watcher::event change
raspicam::watcher::event change
raspicam::watcher::event change
raspicam::watcher::event change
raspicam::watcher::event change
raspicam::watcher::event rename
raspicam::watcher::event rename
stderr: mmal: Skipping frame 161 to restart at frame 164

raspicam::watcher::event rename
raspicam::watcher::event change
raspicam::watcher::event change
raspicam::watcher::event change
raspicam::watcher::event change
raspicam::watcher::event change
raspicam::watcher::event change
raspicam::watcher::event rename
raspicam::watcher::event rename
stderr: mmal: Skipping frame 165 to restart at frame 168

raspicam::watcher::event rename
raspicam::watcher::event change
raspicam::watcher::event change
raspicam::watcher::event change
raspicam::watcher::event change
raspicam::watcher::event change
raspicam::watcher::event change
raspicam::watcher::event rename
raspicam::watcher::event rename
stderr: mmal: Skipping frame 169 to restart at frame 172

raspicam::watcher::event rename
raspicam::watcher::event change
raspicam::watcher::event change
raspicam::watcher::event change
raspicam::watcher::event change
raspicam::watcher::event change
raspicam::watcher::event change
raspicam::watcher::event rename
raspicam::watcher::event rename
stderr: mmal: Skipping frame 173 to restart at frame 177

raspicam::watcher::event rename
raspicam::watcher::event change
raspicam::watcher::event change
raspicam::watcher::event change
raspicam::watcher::event change
raspicam::watcher::event change
raspicam::watcher::event change
raspicam::watcher::event rename
raspicam::watcher::event rename
stderr: mmal: Skipping frame 178 to restart at frame 181

raspicam::watcher::event rename
raspicam::watcher::event change
raspicam::watcher::event change
raspicam::watcher::event change
raspicam::watcher::event change
raspicam::watcher::event rename
raspicam::watcher::event rename
stderr: mmal: Skipping frame 182 to restart at frame 185

raspicam::watcher::event rename
raspicam::watcher::event change
raspicam::watcher::event change
raspicam::watcher::event rename
raspicam::watcher::event rename
stderr: mmal: Skipping frame 186 to restart at frame 243

raspicam::watcher::event rename
raspicam::watcher::event change
raspicam::watcher::event change
raspicam::watcher::event change
raspicam::watcher::event change
raspicam::watcher::event change
raspicam::watcher::event change
raspicam::watcher::event rename
raspicam::watcher::event rename
LED turned off
Motion detected.
Sensor inactive, not reporting motion.
raspicam::watcher::event rename
raspicam::watcher::event rename
raspicam::watcher::event rename
raspicam::watcher::event rename
raspicam::watcher::event rename
raspicam::watcher::event rename
raspicam::watcher::event rename
raspicam::watcher::event rename
raspicam::watcher::event rename
raspicam::watcher::event rename
raspicam::watcher::event rename
raspicam::watcher::event rename
raspicam::watcher::event rename
raspicam::watcher::event rename
raspicam::watcher::event rename
raspicam::watcher::event rename
raspicam::watcher::event rename
raspicam::watcher::event rename
raspicam::watcher::event rename
raspicam::watcher::event rename
raspicam::watcher::event rename
raspicam::watcher::event rename
raspicam::watcher::event rename
raspicam::watcher::event rename
raspicam::watcher::event rename
raspicam::watcher::event rename
raspicam::watcher::event rename
raspicam::watcher::event rename
raspicam::watcher::event rename
raspicam::watcher::event rename
raspicam::watcher::event rename
raspicam::watcher::event rename
raspicam::watcher::event rename
raspicam::watcher::event rename
raspicam::watcher::event rename
raspicam::watcher::event rename
raspicam::watcher::event rename
raspicam::watcher::event rename
raspicam::watcher::event rename
raspicam::watcher::event rename
raspicam::watcher::event rename
raspicam::watcher::event rename
raspicam::watcher::event rename
raspicam::watcher::event rename
raspicam::watcher::event rename
Sensor reset
Motion detected.
Sensor inactive, not reporting motion.
Sensor reset
Motion detected.
Sensor inactive, not reporting motion.
PiSim: Turning motion detection system off
Sensor off.
PiSim: Turning motion detection system on
Sensor on.
PiSim: Turning motion detection system off
Sensor off.
PiSim: Turning motion detection system on
Sensor on.
Sensor reset
Motion detected.
Motion detected by sensor. Sending motion event to cloud and starting camera
Sensor off.
Starting image capture.
LED turned on
calling....
/opt/vc/bin/raspistill --output /home/pi/Code/pi-cam/camera/images/capture/20160419013333/frame_%04d.jpg --timelapse 125 --rotation 180 --timeout 30000 --width 640 --height 480
raspicam::watcher::event rename
raspicam::watcher::event change
raspicam::watcher::event change
raspicam::watcher::event change
raspicam::watcher::event change
raspicam::watcher::event rename
raspicam::watcher::event rename
stderr: mmal: Skipping frame 2 to restart at frame 4

raspicam::watcher::event rename
raspicam::watcher::event change
raspicam::watcher::event change
raspicam::watcher::event change
raspicam::watcher::event change
raspicam::watcher::event change
raspicam::watcher::event change
raspicam::watcher::event rename
raspicam::watcher::event rename
stderr: mmal: Skipping frame 5 to restart at frame 8

raspicam::watcher::event rename
raspicam::watcher::event change
raspicam::watcher::event change
raspicam::watcher::event change
raspicam::watcher::event change
raspicam::watcher::event change
raspicam::watcher::event rename
raspicam::watcher::event rename
stderr: mmal: Skipping frame 9 to restart at frame 12

raspicam::watcher::event rename
raspicam::watcher::event change
raspicam::watcher::event change
raspicam::watcher::event change
raspicam::watcher::event change
raspicam::watcher::event change
raspicam::watcher::event rename
raspicam::watcher::event rename
stderr: mmal: Skipping frame 13 to restart at frame 17

raspicam::watcher::event rename
raspicam::watcher::event change
raspicam::watcher::event change
raspicam::watcher::event change
raspicam::watcher::event change
raspicam::watcher::event change
raspicam::watcher::event rename
raspicam::watcher::event rename
stderr: mmal: Skipping frame 18 to restart at frame 21

raspicam::watcher::event rename
raspicam::watcher::event change
raspicam::watcher::event change
raspicam::watcher::event change
raspicam::watcher::event rename
raspicam::watcher::event rename
stderr: mmal: Skipping frame 22 to restart at frame 25

raspicam::watcher::event rename
raspicam::watcher::event change
raspicam::watcher::event change
raspicam::watcher::event change
raspicam::watcher::event change
raspicam::watcher::event change
raspicam::watcher::event change
raspicam::watcher::event rename
raspicam::watcher::event rename
stderr: mmal: Skipping frame 26 to restart at frame 30

raspicam::watcher::event rename
raspicam::watcher::event change
raspicam::watcher::event change
raspicam::watcher::event change
raspicam::watcher::event change
raspicam::watcher::event rename
raspicam::watcher::event rename
stderr: mmal: Skipping frame 31 to restart at frame 34

raspicam::watcher::event rename
raspicam::watcher::event change
raspicam::watcher::event change
raspicam::watcher::event change
raspicam::watcher::event change
raspicam::watcher::event rename
raspicam::watcher::event rename
stderr: mmal: Skipping frame 35 to restart at frame 38

raspicam::watcher::event rename
raspicam::watcher::event change
raspicam::watcher::event change
raspicam::watcher::event change
raspicam::watcher::event change
raspicam::watcher::event rename
raspicam::watcher::event rename
stderr: mmal: Skipping frame 39 to restart at frame 43

raspicam::watcher::event rename
raspicam::watcher::event change
raspicam::watcher::event change
raspicam::watcher::event change
raspicam::watcher::event change
raspicam::watcher::event rename
raspicam::watcher::event rename
stderr: mmal: Skipping frame 44 to restart at frame 47

raspicam::watcher::event rename
raspicam::watcher::event change
raspicam::watcher::event change
raspicam::watcher::event change
raspicam::watcher::event change
raspicam::watcher::event rename
raspicam::watcher::event rename
stderr: mmal: Skipping frame 48 to restart at frame 51

raspicam::watcher::event rename
raspicam::watcher::event change
raspicam::watcher::event change
raspicam::watcher::event change
raspicam::watcher::event change
raspicam::watcher::event rename
raspicam::watcher::event rename
stderr: mmal: Skipping frame 52 to restart at frame 55

raspicam::watcher::event rename
raspicam::watcher::event change
raspicam::watcher::event change
raspicam::watcher::event change
raspicam::watcher::event change
raspicam::watcher::event rename
raspicam::watcher::event rename
stderr: mmal: Skipping frame 56 to restart at frame 60

raspicam::watcher::event rename
raspicam::watcher::event change
raspicam::watcher::event change
raspicam::watcher::event change
raspicam::watcher::event change
raspicam::watcher::event rename
raspicam::watcher::event rename
stderr: mmal: Skipping frame 61 to restart at frame 64

raspicam::watcher::event rename
raspicam::watcher::event change
raspicam::watcher::event change
raspicam::watcher::event change
raspicam::watcher::event change
raspicam::watcher::event rename
raspicam::watcher::event rename
stderr: mmal: Skipping frame 65 to restart at frame 68

raspicam::watcher::event rename
raspicam::watcher::event change
raspicam::watcher::event change
raspicam::watcher::event change
raspicam::watcher::event change
raspicam::watcher::event rename
raspicam::watcher::event rename
stderr: mmal: Skipping frame 69 to restart at frame 73

raspicam::watcher::event rename
raspicam::watcher::event change
raspicam::watcher::event change
raspicam::watcher::event change
raspicam::watcher::event change
raspicam::watcher::event rename
raspicam::watcher::event rename
stderr: mmal: Skipping frame 74 to restart at frame 77

raspicam::watcher::event rename
raspicam::watcher::event change
raspicam::watcher::event change
raspicam::watcher::event change
raspicam::watcher::event change
raspicam::watcher::event rename
raspicam::watcher::event rename
stderr: mmal: Skipping frame 78 to restart at frame 81

raspicam::watcher::event rename
Sensor reset
raspicam::watcher::event change
raspicam::watcher::event change
raspicam::watcher::event change
raspicam::watcher::event change
raspicam::watcher::event rename
raspicam::watcher::event rename
stderr: mmal: Skipping frame 82 to restart at frame 85

raspicam::watcher::event rename
raspicam::watcher::event change
raspicam::watcher::event change
raspicam::watcher::event change
raspicam::watcher::event change
raspicam::watcher::event rename
raspicam::watcher::event rename
stderr: mmal: Skipping frame 86 to restart at frame 90

raspicam::watcher::event rename
raspicam::watcher::event change
raspicam::watcher::event change
raspicam::watcher::event change
raspicam::watcher::event rename
raspicam::watcher::event rename
stderr: mmal: Skipping frame 91 to restart at frame 94

raspicam::watcher::event rename
raspicam::watcher::event change
raspicam::watcher::event change
raspicam::watcher::event change
raspicam::watcher::event change
raspicam::watcher::event rename
raspicam::watcher::event rename
stderr: mmal: Skipping frame 95 to restart at frame 98

raspicam::watcher::event rename
raspicam::watcher::event change
raspicam::watcher::event change
raspicam::watcher::event change
raspicam::watcher::event change
raspicam::watcher::event rename
raspicam::watcher::event rename
stderr: mmal: Skipping frame 99 to restart at frame 103

raspicam::watcher::event rename
raspicam::watcher::event change
raspicam::watcher::event change
raspicam::watcher::event change
raspicam::watcher::event change
raspicam::watcher::event rename
raspicam::watcher::event rename
stderr: mmal: Skipping frame 104 to restart at frame 107

raspicam::watcher::event rename
raspicam::watcher::event change
raspicam::watcher::event change
raspicam::watcher::event change
raspicam::watcher::event change
raspicam::watcher::event change
raspicam::watcher::event change
raspicam::watcher::event rename
raspicam::watcher::event rename
stderr: mmal: Skipping frame 108 to restart at frame 111

raspicam::watcher::event rename
raspicam::watcher::event change
raspicam::watcher::event change
raspicam::watcher::event change
raspicam::watcher::event change
raspicam::watcher::event change
raspicam::watcher::event rename
raspicam::watcher::event rename
stderr: mmal: Skipping frame 112 to restart at frame 116

raspicam::watcher::event rename
raspicam::watcher::event change
raspicam::watcher::event change
raspicam::watcher::event change
raspicam::watcher::event change
raspicam::watcher::event change
raspicam::watcher::event rename
raspicam::watcher::event rename
stderr: mmal: Skipping frame 117 to restart at frame 120

raspicam::watcher::event rename
raspicam::watcher::event change
raspicam::watcher::event change
raspicam::watcher::event change
raspicam::watcher::event change
raspicam::watcher::event change
raspicam::watcher::event change
raspicam::watcher::event rename
raspicam::watcher::event rename
stderr: mmal: Skipping frame 121 to restart at frame 124

raspicam::watcher::event rename
raspicam::watcher::event change
raspicam::watcher::event change
raspicam::watcher::event change
raspicam::watcher::event change
raspicam::watcher::event change
raspicam::watcher::event rename
raspicam::watcher::event rename
stderr: mmal: Skipping frame 125 to restart at frame 128

raspicam::watcher::event rename
raspicam::watcher::event change
raspicam::watcher::event change
raspicam::watcher::event change
raspicam::watcher::event change
raspicam::watcher::event change
raspicam::watcher::event change
raspicam::watcher::event rename
raspicam::watcher::event rename
stderr: mmal: Skipping frame 129 to restart at frame 133

raspicam::watcher::event rename
raspicam::watcher::event change
raspicam::watcher::event change
raspicam::watcher::event change
raspicam::watcher::event change
raspicam::watcher::event change
raspicam::watcher::event change
raspicam::watcher::event rename
raspicam::watcher::event rename
stderr: mmal: Skipping frame 134 to restart at frame 137

raspicam::watcher::event rename
raspicam::watcher::event change
raspicam::watcher::event change
raspicam::watcher::event change
raspicam::watcher::event change
raspicam::watcher::event change
raspicam::watcher::event rename
raspicam::watcher::event rename
stderr: mmal: Skipping frame 138 to restart at frame 141

raspicam::watcher::event rename
raspicam::watcher::event change
raspicam::watcher::event change
raspicam::watcher::event change
raspicam::watcher::event change
raspicam::watcher::event change
raspicam::watcher::event change
raspicam::watcher::event rename
raspicam::watcher::event rename
stderr: mmal: Skipping frame 142 to restart at frame 146

raspicam::watcher::event rename
raspicam::watcher::event change
raspicam::watcher::event change
raspicam::watcher::event change
raspicam::watcher::event change
raspicam::watcher::event change
raspicam::watcher::event change
raspicam::watcher::event rename
raspicam::watcher::event rename
stderr: mmal: Skipping frame 147 to restart at frame 150

raspicam::watcher::event rename
raspicam::watcher::event change
raspicam::watcher::event change
raspicam::watcher::event change
raspicam::watcher::event change
raspicam::watcher::event change
raspicam::watcher::event change
raspicam::watcher::event rename
raspicam::watcher::event rename
stderr: mmal: Skipping frame 151 to restart at frame 154

raspicam::watcher::event rename
raspicam::watcher::event change
raspicam::watcher::event change
raspicam::watcher::event change
raspicam::watcher::event change
raspicam::watcher::event rename
raspicam::watcher::event rename
stderr: mmal: Skipping frame 155 to restart at frame 159

raspicam::watcher::event rename
raspicam::watcher::event change
raspicam::watcher::event change
raspicam::watcher::event change
raspicam::watcher::event change
raspicam::watcher::event change
raspicam::watcher::event change
raspicam::watcher::event rename
raspicam::watcher::event rename
stderr: mmal: Skipping frame 160 to restart at frame 163

raspicam::watcher::event rename
raspicam::watcher::event change
raspicam::watcher::event change
raspicam::watcher::event change
raspicam::watcher::event change
raspicam::watcher::event change
raspicam::watcher::event rename
raspicam::watcher::event rename
stderr: mmal: Skipping frame 164 to restart at frame 167

raspicam::watcher::event rename
raspicam::watcher::event change
raspicam::watcher::event change
raspicam::watcher::event change
raspicam::watcher::event change
raspicam::watcher::event change
raspicam::watcher::event change
raspicam::watcher::event rename
raspicam::watcher::event rename
stderr: mmal: Skipping frame 168 to restart at frame 172

raspicam::watcher::event rename
raspicam::watcher::event change
raspicam::watcher::event change
raspicam::watcher::event change
raspicam::watcher::event change
raspicam::watcher::event change
raspicam::watcher::event rename
raspicam::watcher::event rename
stderr: mmal: Skipping frame 173 to restart at frame 176

raspicam::watcher::event rename
raspicam::watcher::event change
raspicam::watcher::event change
raspicam::watcher::event change
raspicam::watcher::event rename
raspicam::watcher::event rename
stderr: mmal: Skipping frame 177 to restart at frame 180

raspicam::watcher::event rename
raspicam::watcher::event change
raspicam::watcher::event change
raspicam::watcher::event change
raspicam::watcher::event change
raspicam::watcher::event change
raspicam::watcher::event change
raspicam::watcher::event rename
raspicam::watcher::event rename
stderr: mmal: Skipping frame 181 to restart at frame 184

raspicam::watcher::event rename
raspicam::watcher::event change
raspicam::watcher::event change
raspicam::watcher::event change
raspicam::watcher::event change
raspicam::watcher::event rename
raspicam::watcher::event rename
stderr: mmal: Skipping frame 185 to restart at frame 189

raspicam::watcher::event rename
raspicam::watcher::event change
raspicam::watcher::event change
raspicam::watcher::event change
raspicam::watcher::event change
raspicam::watcher::event rename
raspicam::watcher::event rename
stderr: mmal: Skipping frame 190 to restart at frame 193

raspicam::watcher::event rename
raspicam::watcher::event change
raspicam::watcher::event change
raspicam::watcher::event change
raspicam::watcher::event change
raspicam::watcher::event rename
raspicam::watcher::event rename
stderr: mmal: Skipping frame 194 to restart at frame 197

raspicam::watcher::event rename
raspicam::watcher::event change
raspicam::watcher::event change
raspicam::watcher::event change
raspicam::watcher::event change
raspicam::watcher::event rename
raspicam::watcher::event rename
stderr: mmal: Skipping frame 198 to restart at frame 202

raspicam::watcher::event rename
raspicam::watcher::event change
raspicam::watcher::event change
raspicam::watcher::event change
raspicam::watcher::event change
raspicam::watcher::event rename
raspicam::watcher::event rename
stderr: mmal: Skipping frame 203 to restart at frame 206

raspicam::watcher::event rename
raspicam::watcher::event change
raspicam::watcher::event change
raspicam::watcher::event change
raspicam::watcher::event change
raspicam::watcher::event rename
raspicam::watcher::event rename
stderr: mmal: Skipping frame 207 to restart at frame 210

raspicam::watcher::event rename
raspicam::watcher::event change
raspicam::watcher::event change
raspicam::watcher::event change
raspicam::watcher::event change
raspicam::watcher::event rename
raspicam::watcher::event rename
stderr: mmal: Skipping frame 211 to restart at frame 215

raspicam::watcher::event rename
raspicam::watcher::event change
raspicam::watcher::event change
raspicam::watcher::event change
raspicam::watcher::event change
raspicam::watcher::event rename
raspicam::watcher::event rename
stderr: mmal: Skipping frame 216 to restart at frame 219

raspicam::watcher::event rename
raspicam::watcher::event change
raspicam::watcher::event change
raspicam::watcher::event change
raspicam::watcher::event change
raspicam::watcher::event rename
raspicam::watcher::event rename
stderr: mmal: Skipping frame 220 to restart at frame 223

raspicam::watcher::event rename
raspicam::watcher::event change
raspicam::watcher::event change
raspicam::watcher::event change
raspicam::watcher::event change
raspicam::watcher::event rename
raspicam::watcher::event rename
stderr: mmal: Skipping frame 224 to restart at frame 227

raspicam::watcher::event rename
raspicam::watcher::event change
raspicam::watcher::event change
raspicam::watcher::event change
raspicam::watcher::event change
raspicam::watcher::event rename
raspicam::watcher::event rename
stderr: mmal: Skipping frame 228 to restart at frame 232

raspicam::watcher::event rename
raspicam::watcher::event change
raspicam::watcher::event change
raspicam::watcher::event change
raspicam::watcher::event change
raspicam::watcher::event rename
raspicam::watcher::event rename
stderr: mmal: Skipping frame 233 to restart at frame 236

raspicam::watcher::event rename
raspicam::watcher::event change
raspicam::watcher::event change
raspicam::watcher::event change
raspicam::watcher::event change
raspicam::watcher::event rename
raspicam::watcher::event rename
stderr: mmal: Skipping frame 237 to restart at frame 240

raspicam::watcher::event rename
raspicam::watcher::event change
raspicam::watcher::event change
raspicam::watcher::event change
raspicam::watcher::event change
raspicam::watcher::event rename
raspicam::watcher::event rename
stderr: mmal: Skipping frame 241 to restart at frame 245

raspicam::watcher::event rename
raspicam::watcher::event change
raspicam::watcher::event change
raspicam::watcher::event change
raspicam::watcher::event change
raspicam::watcher::event rename
raspicam::watcher::event rename
LED turned off
raspicam::watcher::event rename
raspicam::watcher::event rename
raspicam::watcher::event rename
raspicam::watcher::event rename
raspicam::watcher::event rename
raspicam::watcher::event rename
raspicam::watcher::event rename
raspicam::watcher::event rename
raspicam::watcher::event rename
raspicam::watcher::event rename
raspicam::watcher::event rename
raspicam::watcher::event rename
raspicam::watcher::event rename
raspicam::watcher::event rename
raspicam::watcher::event rename
raspicam::watcher::event rename
raspicam::watcher::event rename
raspicam::watcher::event rename
raspicam::watcher::event rename
raspicam::watcher::event rename
raspicam::watcher::event rename
raspicam::watcher::event rename
raspicam::watcher::event rename
raspicam::watcher::event rename
raspicam::watcher::event rename
raspicam::watcher::event rename
raspicam::watcher::event rename
raspicam::watcher::event rename
raspicam::watcher::event rename
raspicam::watcher::event rename
raspicam::watcher::event rename
raspicam::watcher::event rename
raspicam::watcher::event rename
raspicam::watcher::event rename
raspicam::watcher::event rename
raspicam::watcher::event rename
raspicam::watcher::event rename
raspicam::watcher::event rename
raspicam::watcher::event rename
raspicam::watcher::event rename
raspicam::watcher::event rename
raspicam::watcher::event rename
raspicam::watcher::event rename
raspicam::watcher::event rename
raspicam::watcher::event rename
raspicam::watcher::event rename
raspicam::watcher::event rename
raspicam::watcher::event rename
raspicam::watcher::event rename
raspicam::watcher::event rename
raspicam::watcher::event rename
raspicam::watcher::event rename
raspicam::watcher::event rename
raspicam::watcher::event rename
raspicam::watcher::event rename
raspicam::watcher::event rename
raspicam::watcher::event rename
raspicam::watcher::event rename
raspicam::watcher::event rename
raspicam::watcher::event rename
Motion detected.
Sensor inactive, not reporting motion.
Sensor reset
Motion detected.
Sensor inactive, not reporting motion.
PiSim: Turning motion detection system off
Sensor off.
PiSim: Turning motion detection system on
Sensor on.
PiSim: Turning motion detection system off
Sensor off.
PiSim: Turning motion detection system on
Sensor on.
Sensor reset
Motion detected.
Motion detected by sensor. Sending motion event to cloud and starting camera
Sensor off.
Starting image capture.
LED turned on
calling....
/opt/vc/bin/raspistill --output /home/pi/Code/pi-cam/camera/images/capture/20160419013634/frame_%04d.jpg --timelapse 125 --rotation 180 --timeout 30000 --width 640 --height 480
raspicam::watcher::event rename
raspicam::watcher::event change
raspicam::watcher::event change
raspicam::watcher::event change
raspicam::watcher::event change
raspicam::watcher::event change
raspicam::watcher::event rename
raspicam::watcher::event rename
stderr: mmal: Skipping frame 2 to restart at frame 4

raspicam::watcher::event rename
raspicam::watcher::event change
raspicam::watcher::event change
raspicam::watcher::event change
raspicam::watcher::event change
raspicam::watcher::event change
raspicam::watcher::event rename
raspicam::watcher::event rename
stderr: mmal: Skipping frame 5 to restart at frame 8

raspicam::watcher::event rename
raspicam::watcher::event change
raspicam::watcher::event change
raspicam::watcher::event change
raspicam::watcher::event change
raspicam::watcher::event change
raspicam::watcher::event rename
raspicam::watcher::event rename
stderr: mmal: Skipping frame 9 to restart at frame 12

raspicam::watcher::event rename
raspicam::watcher::event change
raspicam::watcher::event change
raspicam::watcher::event change
raspicam::watcher::event change
raspicam::watcher::event change
raspicam::watcher::event change
raspicam::watcher::event rename
raspicam::watcher::event rename
stderr: mmal: Skipping frame 13 to restart at frame 17

raspicam::watcher::event rename
raspicam::watcher::event change
raspicam::watcher::event change
raspicam::watcher::event change
raspicam::watcher::event change
raspicam::watcher::event change
raspicam::watcher::event rename
raspicam::watcher::event rename
stderr: mmal: Skipping frame 18 to restart at frame 21

raspicam::watcher::event rename
raspicam::watcher::event change
raspicam::watcher::event change
raspicam::watcher::event change
raspicam::watcher::event change
raspicam::watcher::event change
raspicam::watcher::event change
raspicam::watcher::event rename
raspicam::watcher::event rename
stderr: mmal: Skipping frame 22 to restart at frame 25

raspicam::watcher::event rename
raspicam::watcher::event change
raspicam::watcher::event change
raspicam::watcher::event change
raspicam::watcher::event change
raspicam::watcher::event change
raspicam::watcher::event change
raspicam::watcher::event rename
raspicam::watcher::event rename
stderr: mmal: Skipping frame 26 to restart at frame 30

raspicam::watcher::event rename
raspicam::watcher::event change
raspicam::watcher::event change
raspicam::watcher::event change
raspicam::watcher::event change
raspicam::watcher::event change
raspicam::watcher::event change
raspicam::watcher::event rename
raspicam::watcher::event rename
stderr: mmal: Skipping frame 31 to restart at frame 34

raspicam::watcher::event rename
raspicam::watcher::event change
raspicam::watcher::event change
raspicam::watcher::event change
raspicam::watcher::event change
raspicam::watcher::event change
raspicam::watcher::event change
raspicam::watcher::event rename
raspicam::watcher::event rename
stderr: mmal: Skipping frame 35 to restart at frame 52

raspicam::watcher::event rename
raspicam::watcher::event change
raspicam::watcher::event change
raspicam::watcher::event change
raspicam::watcher::event change
raspicam::watcher::event change
raspicam::watcher::event change
raspicam::watcher::event rename
raspicam::watcher::event rename
stderr: mmal: Skipping frame 53 to restart at frame 56

raspicam::watcher::event rename
raspicam::watcher::event change
raspicam::watcher::event change
raspicam::watcher::event change
raspicam::watcher::event change
raspicam::watcher::event change
raspicam::watcher::event change
raspicam::watcher::event rename
raspicam::watcher::event rename
stderr: mmal: Skipping frame 57 to restart at frame 61

raspicam::watcher::event rename
raspicam::watcher::event change
raspicam::watcher::event change
raspicam::watcher::event change
raspicam::watcher::event change
raspicam::watcher::event change
raspicam::watcher::event change
raspicam::watcher::event rename
raspicam::watcher::event rename
stderr: mmal: Skipping frame 62 to restart at frame 65

raspicam::watcher::event rename
raspicam::watcher::event change
raspicam::watcher::event change
raspicam::watcher::event change
raspicam::watcher::event change
raspicam::watcher::event change
raspicam::watcher::event rename
raspicam::watcher::event rename
stderr: mmal: Skipping frame 66 to restart at frame 69

raspicam::watcher::event rename
raspicam::watcher::event change
raspicam::watcher::event change
raspicam::watcher::event change
raspicam::watcher::event change
raspicam::watcher::event change
raspicam::watcher::event change
raspicam::watcher::event rename
raspicam::watcher::event rename
stderr: mmal: Skipping frame 70 to restart at frame 74

raspicam::watcher::event rename
raspicam::watcher::event change
raspicam::watcher::event change
raspicam::watcher::event change
raspicam::watcher::event change
raspicam::watcher::event change
raspicam::watcher::event change
raspicam::watcher::event rename
raspicam::watcher::event rename
stderr: mmal: Skipping frame 75 to restart at frame 78

raspicam::watcher::event rename
Sensor reset
raspicam::watcher::event change
raspicam::watcher::event change
raspicam::watcher::event change
raspicam::watcher::event change
raspicam::watcher::event change
raspicam::watcher::event change
raspicam::watcher::event rename
raspicam::watcher::event rename
stderr: mmal: Skipping frame 79 to restart at frame 83

raspicam::watcher::event rename
raspicam::watcher::event change
raspicam::watcher::event change
raspicam::watcher::event change
raspicam::watcher::event change
raspicam::watcher::event rename
raspicam::watcher::event rename
stderr: mmal: Skipping frame 84 to restart at frame 87

raspicam::watcher::event rename
raspicam::watcher::event change
raspicam::watcher::event change
raspicam::watcher::event change
raspicam::watcher::event change
raspicam::watcher::event change
raspicam::watcher::event change
raspicam::watcher::event rename
raspicam::watcher::event rename
stderr: mmal: Skipping frame 88 to restart at frame 91

raspicam::watcher::event rename
raspicam::watcher::event change
raspicam::watcher::event change
raspicam::watcher::event change
raspicam::watcher::event change
raspicam::watcher::event change
raspicam::watcher::event change
raspicam::watcher::event rename
raspicam::watcher::event rename
stderr: mmal: Skipping frame 92 to restart at frame 96

raspicam::watcher::event rename
raspicam::watcher::event change
raspicam::watcher::event change
raspicam::watcher::event change
raspicam::watcher::event change
raspicam::watcher::event change
raspicam::watcher::event change
raspicam::watcher::event rename
raspicam::watcher::event rename
stderr: mmal: Skipping frame 97 to restart at frame 100

raspicam::watcher::event rename
raspicam::watcher::event change
raspicam::watcher::event change
raspicam::watcher::event change
raspicam::watcher::event change
raspicam::watcher::event rename
raspicam::watcher::event rename
stderr: mmal: Skipping frame 101 to restart at frame 105

raspicam::watcher::event rename
raspicam::watcher::event change
raspicam::watcher::event change
raspicam::watcher::event change
raspicam::watcher::event change
raspicam::watcher::event rename
raspicam::watcher::event rename
stderr: mmal: Skipping frame 106 to restart at frame 109

raspicam::watcher::event rename
raspicam::watcher::event change
raspicam::watcher::event change
raspicam::watcher::event change
raspicam::watcher::event rename
raspicam::watcher::event rename
stderr: mmal: Skipping frame 110 to restart at frame 113

raspicam::watcher::event rename
raspicam::watcher::event change
raspicam::watcher::event change
raspicam::watcher::event change
raspicam::watcher::event change
raspicam::watcher::event rename
raspicam::watcher::event rename
stderr: mmal: Skipping frame 114 to restart at frame 118

raspicam::watcher::event rename
raspicam::watcher::event change
raspicam::watcher::event change
raspicam::watcher::event change
raspicam::watcher::event change
raspicam::watcher::event rename
raspicam::watcher::event rename
stderr: mmal: Skipping frame 119 to restart at frame 130

raspicam::watcher::event rename
raspicam::watcher::event change
raspicam::watcher::event change
raspicam::watcher::event change
raspicam::watcher::event change
raspicam::watcher::event rename
raspicam::watcher::event rename
stderr: mmal: Skipping frame 131 to restart at frame 133

raspicam::watcher::event rename
raspicam::watcher::event change
raspicam::watcher::event change
raspicam::watcher::event change
raspicam::watcher::event change
raspicam::watcher::event rename
raspicam::watcher::event rename
stderr: mmal: Skipping frame 134 to restart at frame 138

raspicam::watcher::event rename
raspicam::watcher::event change
raspicam::watcher::event change
raspicam::watcher::event change
raspicam::watcher::event change
raspicam::watcher::event rename
raspicam::watcher::event rename
stderr: mmal: Skipping frame 139 to restart at frame 142

raspicam::watcher::event rename
raspicam::watcher::event change
raspicam::watcher::event change
raspicam::watcher::event change
raspicam::watcher::event change
raspicam::watcher::event rename
raspicam::watcher::event rename
stderr: mmal: Skipping frame 143 to restart at frame 147

raspicam::watcher::event rename
raspicam::watcher::event change
raspicam::watcher::event change
raspicam::watcher::event change
raspicam::watcher::event change
raspicam::watcher::event rename
raspicam::watcher::event rename
stderr: mmal: Skipping frame 148 to restart at frame 151

raspicam::watcher::event rename
raspicam::watcher::event change
raspicam::watcher::event change
raspicam::watcher::event change
raspicam::watcher::event change
raspicam::watcher::event rename
raspicam::watcher::event rename
stderr: mmal: Skipping frame 152 to restart at frame 155

raspicam::watcher::event rename
raspicam::watcher::event change
raspicam::watcher::event change
raspicam::watcher::event change
raspicam::watcher::event change
raspicam::watcher::event rename
raspicam::watcher::event rename
stderr: mmal: Skipping frame 156 to restart at frame 160

raspicam::watcher::event rename
raspicam::watcher::event change
raspicam::watcher::event change
raspicam::watcher::event change
raspicam::watcher::event change
raspicam::watcher::event rename
raspicam::watcher::event rename
stderr: mmal: Skipping frame 161 to restart at frame 164

raspicam::watcher::event rename
raspicam::watcher::event change
raspicam::watcher::event change
raspicam::watcher::event change
raspicam::watcher::event change
raspicam::watcher::event rename
raspicam::watcher::event rename
stderr: mmal: Skipping frame 165 to restart at frame 169

raspicam::watcher::event rename
raspicam::watcher::event change
raspicam::watcher::event change
raspicam::watcher::event change
raspicam::watcher::event change
raspicam::watcher::event rename
raspicam::watcher::event rename
stderr: mmal: Skipping frame 170 to restart at frame 173

raspicam::watcher::event rename
raspicam::watcher::event change
raspicam::watcher::event change
raspicam::watcher::event change
raspicam::watcher::event change
raspicam::watcher::event rename
raspicam::watcher::event rename
stderr: mmal: Skipping frame 174 to restart at frame 177

raspicam::watcher::event rename
raspicam::watcher::event change
raspicam::watcher::event change
raspicam::watcher::event change
raspicam::watcher::event change
raspicam::watcher::event rename
raspicam::watcher::event rename
stderr: mmal: Skipping frame 178 to restart at frame 182

raspicam::watcher::event rename
raspicam::watcher::event change
raspicam::watcher::event change
raspicam::watcher::event change
raspicam::watcher::event change
raspicam::watcher::event rename
raspicam::watcher::event rename
stderr: mmal: Skipping frame 183 to restart at frame 186

raspicam::watcher::event rename
raspicam::watcher::event change
raspicam::watcher::event change
raspicam::watcher::event change
raspicam::watcher::event change
raspicam::watcher::event rename
raspicam::watcher::event rename
stderr: mmal: Skipping frame 187 to restart at frame 191

raspicam::watcher::event rename
raspicam::watcher::event change
raspicam::watcher::event change
raspicam::watcher::event change
raspicam::watcher::event change
raspicam::watcher::event rename
raspicam::watcher::event rename
stderr: mmal: Skipping frame 192 to restart at frame 195

raspicam::watcher::event rename
raspicam::watcher::event change
raspicam::watcher::event change
raspicam::watcher::event change
raspicam::watcher::event change
raspicam::watcher::event rename
raspicam::watcher::event rename
stderr: mmal: Skipping frame 196 to restart at frame 199

raspicam::watcher::event rename
raspicam::watcher::event change
raspicam::watcher::event change
raspicam::watcher::event change
raspicam::watcher::event change
raspicam::watcher::event rename
raspicam::watcher::event rename
stderr: mmal: Skipping frame 200 to restart at frame 204

raspicam::watcher::event rename
raspicam::watcher::event change
raspicam::watcher::event change
raspicam::watcher::event change
raspicam::watcher::event change
raspicam::watcher::event change
raspicam::watcher::event rename
raspicam::watcher::event rename
stderr: mmal: Skipping frame 205 to restart at frame 208

raspicam::watcher::event rename
raspicam::watcher::event change
raspicam::watcher::event change
raspicam::watcher::event change
raspicam::watcher::event change
raspicam::watcher::event rename
raspicam::watcher::event rename
stderr: mmal: Skipping frame 209 to restart at frame 213

raspicam::watcher::event rename
raspicam::watcher::event change
raspicam::watcher::event change
raspicam::watcher::event change
raspicam::watcher::event rename
raspicam::watcher::event rename
stderr: mmal: Skipping frame 214 to restart at frame 217

raspicam::watcher::event rename
raspicam::watcher::event change
raspicam::watcher::event change
raspicam::watcher::event change
raspicam::watcher::event change
raspicam::watcher::event rename
raspicam::watcher::event rename
stderr: mmal: Skipping frame 218 to restart at frame 221

raspicam::watcher::event rename
raspicam::watcher::event change
raspicam::watcher::event change
raspicam::watcher::event change
raspicam::watcher::event change
raspicam::watcher::event rename
raspicam::watcher::event rename
stderr: mmal: Skipping frame 222 to restart at frame 226

raspicam::watcher::event rename
raspicam::watcher::event change
raspicam::watcher::event change
raspicam::watcher::event change
raspicam::watcher::event change
raspicam::watcher::event rename
raspicam::watcher::event rename
stderr: mmal: Skipping frame 227 to restart at frame 230

raspicam::watcher::event rename
raspicam::watcher::event change
raspicam::watcher::event change
raspicam::watcher::event change
raspicam::watcher::event rename
raspicam::watcher::event rename
stderr: mmal: Skipping frame 231 to restart at frame 235

raspicam::watcher::event rename
raspicam::watcher::event change
raspicam::watcher::event change
raspicam::watcher::event change
raspicam::watcher::event change
raspicam::watcher::event rename
raspicam::watcher::event rename
stderr: mmal: Skipping frame 236 to restart at frame 239

raspicam::watcher::event rename
raspicam::watcher::event change
raspicam::watcher::event change
raspicam::watcher::event change
raspicam::watcher::event change
raspicam::watcher::event rename
raspicam::watcher::event rename
stderr: mmal: Skipping frame 240 to restart at frame 243

raspicam::watcher::event rename
raspicam::watcher::event change
raspicam::watcher::event change
raspicam::watcher::event change
raspicam::watcher::event change
raspicam::watcher::event rename
raspicam::watcher::event rename
LED turned off
Motion detected.
Sensor inactive, not reporting motion.
PiSim: Turning motion detection system off
Sensor off.
raspicam::watcher::event rename
raspicam::watcher::event rename
raspicam::watcher::event rename
raspicam::watcher::event rename
raspicam::watcher::event rename
raspicam::watcher::event rename
raspicam::watcher::event rename
raspicam::watcher::event rename
raspicam::watcher::event rename
raspicam::watcher::event rename
raspicam::watcher::event rename
raspicam::watcher::event rename
raspicam::watcher::event rename
raspicam::watcher::event rename
raspicam::watcher::event rename
raspicam::watcher::event rename
raspicam::watcher::event rename
raspicam::watcher::event rename
raspicam::watcher::event rename
raspicam::watcher::event rename
raspicam::watcher::event rename
raspicam::watcher::event rename
raspicam::watcher::event rename
raspicam::watcher::event rename
raspicam::watcher::event rename
raspicam::watcher::event rename
raspicam::watcher::event rename
raspicam::watcher::event rename
raspicam::watcher::event rename
raspicam::watcher::event rename
raspicam::watcher::event rename
raspicam::watcher::event rename
raspicam::watcher::event rename
raspicam::watcher::event rename
raspicam::watcher::event rename
raspicam::watcher::event rename
raspicam::watcher::event rename
raspicam::watcher::event rename
raspicam::watcher::event rename
raspicam::watcher::event rename
raspicam::watcher::event rename
raspicam::watcher::event rename
raspicam::watcher::event rename
raspicam::watcher::event rename
raspicam::watcher::event rename
raspicam::watcher::event rename
raspicam::watcher::event rename
raspicam::watcher::event rename
raspicam::watcher::event rename
raspicam::watcher::event rename
raspicam::watcher::event rename
raspicam::watcher::event rename
raspicam::watcher::event rename
raspicam::watcher::event rename
Sensor reset
Motion detected.
Sensor inactive, not reporting motion.
Sensor reset
Motion detected.
Sensor inactive, not reporting motion.
Sensor reset
Motion detected.
Sensor inactive, not reporting motion.
Sensor reset
Motion detected.
Sensor inactive, not reporting motion.
Motion detected.
Sensor inactive, not reporting motion.
Motion detected.
Sensor inactive, not reporting motion.
Motion detected.
Sensor inactive, not reporting motion.
Motion detected.
Sensor inactive, not reporting motion.
Motion detected.
Sensor inactive, not reporting motion.
Motion detected.
Sensor inactive, not reporting motion.
Motion detected.
Sensor inactive, not reporting motion.
Motion detected.
Sensor inactive, not reporting motion.
Motion detected.
Sensor inactive, not reporting motion.
Motion detected.
Sensor inactive, not reporting motion.
Motion detected.
Sensor inactive, not reporting motion.
Motion detected.
Sensor inactive, not reporting motion.
Motion detected.
Sensor inactive, not reporting motion.
Motion detected.
Sensor inactive, not reporting motion.
Motion detected.
Sensor inactive, not reporting motion.
Motion detected.
Sensor inactive, not reporting motion.
Motion detected.
Sensor inactive, not reporting motion.
Motion detected.
Sensor inactive, not reporting motion.
Motion detected.
Sensor inactive, not reporting motion.
Motion detected.
Sensor inactive, not reporting motion.
Motion detected.
Sensor inactive, not reporting motion.
Motion detected.
Sensor inactive, not reporting motion.
Motion detected.
Sensor inactive, not reporting motion.
Motion detected.
Sensor inactive, not reporting motion.
Sensor reset
Motion detected.
Sensor inactive, not reporting motion.
Motion detected.
Sensor inactive, not reporting motion.
Motion detected.
Sensor inactive, not reporting motion.
Motion detected.
Sensor inactive, not reporting motion.
Motion detected.
Sensor inactive, not reporting motion.
Motion detected.
Sensor inactive, not reporting motion.
Motion detected.
Sensor inactive, not reporting motion.
Motion detected.
Sensor inactive, not reporting motion.
Motion detected.
Sensor inactive, not reporting motion.
Motion detected.
Sensor inactive, not reporting motion.
Motion detected.
Sensor inactive, not reporting motion.
Motion detected.
Sensor inactive, not reporting motion.
Motion detected.
Sensor inactive, not reporting motion.
Motion detected.
Sensor inactive, not reporting motion.
Sensor reset
Motion detected.
Sensor inactive, not reporting motion.
Sensor reset
Motion detected.
Sensor inactive, not reporting motion.
Sensor reset
Motion detected.
Sensor inactive, not reporting motion.
Sensor reset
Motion detected.
Sensor inactive, not reporting motion.
Sensor reset
Motion detected.
Sensor inactive, not reporting motion.
Sensor reset
Motion detected.
Sensor inactive, not reporting motion.
Sensor reset
Motion detected.
Sensor inactive, not reporting motion.
Sensor reset
Motion detected.
Sensor inactive, not reporting motion.
PiSim: Turning motion detection system on
Sensor on.
Sensor reset
Motion detected.
Motion detected by sensor. Sending motion event to cloud and starting camera
Sensor off.
Starting image capture.
LED turned on
calling....
/opt/vc/bin/raspistill --output /home/pi/Code/pi-cam/camera/images/capture/20160419015505/frame_%04d.jpg --timelapse 125 --rotation 180 --timeout 30000 --width 640 --height 480
raspicam::watcher::event rename
raspicam::watcher::event change
raspicam::watcher::event change
raspicam::watcher::event change
raspicam::watcher::event change
raspicam::watcher::event change
raspicam::watcher::event rename
raspicam::watcher::event rename
stderr: mmal: Skipping frame 2 to restart at frame 4

raspicam::watcher::event rename
raspicam::watcher::event change
raspicam::watcher::event change
raspicam::watcher::event change
raspicam::watcher::event change
raspicam::watcher::event change
raspicam::watcher::event change
raspicam::watcher::event rename
raspicam::watcher::event rename
stderr: mmal: Skipping frame 5 to restart at frame 8

raspicam::watcher::event rename
raspicam::watcher::event change
raspicam::watcher::event change
raspicam::watcher::event change
raspicam::watcher::event change
raspicam::watcher::event change
raspicam::watcher::event rename
raspicam::watcher::event rename
stderr: mmal: Skipping frame 9 to restart at frame 12

raspicam::watcher::event rename
raspicam::watcher::event change
raspicam::watcher::event change
raspicam::watcher::event change
raspicam::watcher::event change
raspicam::watcher::event rename
raspicam::watcher::event rename
stderr: mmal: Skipping frame 13 to restart at frame 17

raspicam::watcher::event rename
raspicam::watcher::event change
raspicam::watcher::event change
raspicam::watcher::event change
raspicam::watcher::event change
raspicam::watcher::event rename
raspicam::watcher::event rename
stderr: mmal: Skipping frame 18 to restart at frame 21

raspicam::watcher::event rename
raspicam::watcher::event change
raspicam::watcher::event change
raspicam::watcher::event change
raspicam::watcher::event change
raspicam::watcher::event rename
raspicam::watcher::event rename
stderr: mmal: Skipping frame 22 to restart at frame 26

raspicam::watcher::event rename
raspicam::watcher::event change
raspicam::watcher::event change
raspicam::watcher::event change
raspicam::watcher::event change
raspicam::watcher::event rename
raspicam::watcher::event rename
stderr: mmal: Skipping frame 27 to restart at frame 30

raspicam::watcher::event rename
raspicam::watcher::event change
raspicam::watcher::event change
raspicam::watcher::event change
raspicam::watcher::event change
raspicam::watcher::event rename
raspicam::watcher::event rename
stderr: mmal: Skipping frame 31 to restart at frame 35

raspicam::watcher::event rename
raspicam::watcher::event change
raspicam::watcher::event change
raspicam::watcher::event change
raspicam::watcher::event change
raspicam::watcher::event rename
raspicam::watcher::event rename
stderr: mmal: Skipping frame 36 to restart at frame 39

raspicam::watcher::event rename
raspicam::watcher::event change
raspicam::watcher::event change
raspicam::watcher::event change
raspicam::watcher::event change
raspicam::watcher::event rename
raspicam::watcher::event rename
stderr: mmal: Skipping frame 40 to restart at frame 43

raspicam::watcher::event rename
raspicam::watcher::event change
raspicam::watcher::event change
raspicam::watcher::event change
raspicam::watcher::event change
raspicam::watcher::event rename
raspicam::watcher::event rename
stderr: mmal: Skipping frame 44 to restart at frame 48

raspicam::watcher::event rename
raspicam::watcher::event change
raspicam::watcher::event change
raspicam::watcher::event change
raspicam::watcher::event change
raspicam::watcher::event rename
raspicam::watcher::event rename
stderr: mmal: Skipping frame 49 to restart at frame 52

raspicam::watcher::event rename
raspicam::watcher::event change
raspicam::watcher::event change
raspicam::watcher::event change
raspicam::watcher::event change
raspicam::watcher::event rename
raspicam::watcher::event rename
stderr: mmal: Skipping frame 53 to restart at frame 57

raspicam::watcher::event rename
raspicam::watcher::event change
raspicam::watcher::event change
raspicam::watcher::event change
raspicam::watcher::event change
raspicam::watcher::event rename
raspicam::watcher::event rename
stderr: mmal: Skipping frame 58 to restart at frame 61

raspicam::watcher::event rename
raspicam::watcher::event change
raspicam::watcher::event change
raspicam::watcher::event change
raspicam::watcher::event change
raspicam::watcher::event rename
raspicam::watcher::event rename
stderr: mmal: Skipping frame 62 to restart at frame 66

raspicam::watcher::event rename
raspicam::watcher::event change
raspicam::watcher::event change
raspicam::watcher::event change
raspicam::watcher::event change
raspicam::watcher::event rename
raspicam::watcher::event rename
stderr: mmal: Skipping frame 67 to restart at frame 70

raspicam::watcher::event rename
raspicam::watcher::event change
raspicam::watcher::event change
raspicam::watcher::event change
raspicam::watcher::event change
raspicam::watcher::event rename
raspicam::watcher::event rename
stderr: mmal: Skipping frame 71 to restart at frame 74

raspicam::watcher::event rename
raspicam::watcher::event change
raspicam::watcher::event change
raspicam::watcher::event change
raspicam::watcher::event change
raspicam::watcher::event rename
raspicam::watcher::event rename
stderr: mmal: Skipping frame 75 to restart at frame 79

raspicam::watcher::event rename
raspicam::watcher::event change
raspicam::watcher::event change
raspicam::watcher::event change
raspicam::watcher::event change
raspicam::watcher::event rename
raspicam::watcher::event rename
stderr: mmal: Skipping frame 80 to restart at frame 83

raspicam::watcher::event rename
raspicam::watcher::event change
raspicam::watcher::event change
raspicam::watcher::event change
raspicam::watcher::event change
raspicam::watcher::event rename
raspicam::watcher::event rename
stderr: mmal: Skipping frame 84 to restart at frame 88

raspicam::watcher::event rename
raspicam::watcher::event change
raspicam::watcher::event change
raspicam::watcher::event change
raspicam::watcher::event change
raspicam::watcher::event rename
raspicam::watcher::event rename
stderr: mmal: Skipping frame 89 to restart at frame 92

raspicam::watcher::event rename
Sensor reset
raspicam::watcher::event change
raspicam::watcher::event change
raspicam::watcher::event change
raspicam::watcher::event change
raspicam::watcher::event rename
raspicam::watcher::event rename
stderr: mmal: Skipping frame 93 to restart at frame 97

raspicam::watcher::event rename
raspicam::watcher::event change
raspicam::watcher::event change
raspicam::watcher::event change
raspicam::watcher::event change
raspicam::watcher::event change
raspicam::watcher::event change
raspicam::watcher::event rename
raspicam::watcher::event rename
stderr: mmal: Skipping frame 98 to restart at frame 101

raspicam::watcher::event rename
raspicam::watcher::event change
raspicam::watcher::event change
raspicam::watcher::event change
raspicam::watcher::event change
raspicam::watcher::event change
raspicam::watcher::event change
raspicam::watcher::event rename
raspicam::watcher::event rename
stderr: mmal: Skipping frame 102 to restart at frame 106

raspicam::watcher::event rename
raspicam::watcher::event change
raspicam::watcher::event change
raspicam::watcher::event change
raspicam::watcher::event change
raspicam::watcher::event change
raspicam::watcher::event change
raspicam::watcher::event rename
raspicam::watcher::event rename
stderr: mmal: Skipping frame 107 to restart at frame 110

raspicam::watcher::event rename
raspicam::watcher::event change
raspicam::watcher::event change
raspicam::watcher::event change
raspicam::watcher::event change
raspicam::watcher::event change
raspicam::watcher::event change
raspicam::watcher::event rename
raspicam::watcher::event rename
stderr: mmal: Skipping frame 111 to restart at frame 114

raspicam::watcher::event rename
raspicam::watcher::event change
raspicam::watcher::event change
raspicam::watcher::event change
raspicam::watcher::event change
raspicam::watcher::event change
raspicam::watcher::event change
raspicam::watcher::event rename
raspicam::watcher::event rename
stderr: mmal: Skipping frame 115 to restart at frame 119

raspicam::watcher::event rename
raspicam::watcher::event change
raspicam::watcher::event change
raspicam::watcher::event change
raspicam::watcher::event change
raspicam::watcher::event change
raspicam::watcher::event change
raspicam::watcher::event rename
raspicam::watcher::event rename
stderr: mmal: Skipping frame 120 to restart at frame 123

raspicam::watcher::event rename
raspicam::watcher::event change
raspicam::watcher::event change
raspicam::watcher::event change
raspicam::watcher::event change
raspicam::watcher::event change
raspicam::watcher::event change
raspicam::watcher::event rename
raspicam::watcher::event rename
stderr: mmal: Skipping frame 124 to restart at frame 128

raspicam::watcher::event rename
raspicam::watcher::event change
raspicam::watcher::event change
raspicam::watcher::event change
raspicam::watcher::event change
raspicam::watcher::event change
raspicam::watcher::event change
raspicam::watcher::event rename
raspicam::watcher::event rename
stderr: mmal: Skipping frame 129 to restart at frame 132

raspicam::watcher::event rename
raspicam::watcher::event change
raspicam::watcher::event change
raspicam::watcher::event change
raspicam::watcher::event change
raspicam::watcher::event change
raspicam::watcher::event change
raspicam::watcher::event rename
raspicam::watcher::event rename
stderr: mmal: Skipping frame 133 to restart at frame 137

raspicam::watcher::event rename
raspicam::watcher::event change
raspicam::watcher::event change
raspicam::watcher::event change
raspicam::watcher::event change
raspicam::watcher::event change
raspicam::watcher::event change
raspicam::watcher::event rename
raspicam::watcher::event rename
stderr: mmal: Skipping frame 138 to restart at frame 141

raspicam::watcher::event rename
raspicam::watcher::event change
raspicam::watcher::event change
raspicam::watcher::event change
raspicam::watcher::event change
raspicam::watcher::event change
raspicam::watcher::event change
raspicam::watcher::event rename
raspicam::watcher::event rename
stderr: mmal: Skipping frame 142 to restart at frame 146

raspicam::watcher::event rename
raspicam::watcher::event change
raspicam::watcher::event change
raspicam::watcher::event change
raspicam::watcher::event change
raspicam::watcher::event change
raspicam::watcher::event change
raspicam::watcher::event rename
raspicam::watcher::event rename
stderr: mmal: Skipping frame 147 to restart at frame 150

raspicam::watcher::event rename
raspicam::watcher::event change
raspicam::watcher::event change
raspicam::watcher::event change
raspicam::watcher::event change
raspicam::watcher::event change
raspicam::watcher::event change
raspicam::watcher::event rename
raspicam::watcher::event rename
stderr: mmal: Skipping frame 151 to restart at frame 154

raspicam::watcher::event rename
raspicam::watcher::event change
raspicam::watcher::event change
raspicam::watcher::event change
raspicam::watcher::event change
raspicam::watcher::event change
raspicam::watcher::event change
raspicam::watcher::event rename
raspicam::watcher::event rename
stderr: mmal: Skipping frame 155 to restart at frame 159

raspicam::watcher::event rename
raspicam::watcher::event change
raspicam::watcher::event change
raspicam::watcher::event change
raspicam::watcher::event change
raspicam::watcher::event change
raspicam::watcher::event change
raspicam::watcher::event rename
raspicam::watcher::event rename
stderr: mmal: Skipping frame 160 to restart at frame 248

raspicam::watcher::event rename
raspicam::watcher::event change
raspicam::watcher::event change
raspicam::watcher::event change
raspicam::watcher::event change
raspicam::watcher::event change
raspicam::watcher::event change
raspicam::watcher::event rename
raspicam::watcher::event rename
LED turned off
Motion detected.
Sensor inactive, not reporting motion.
raspicam::watcher::event rename
raspicam::watcher::event rename
raspicam::watcher::event rename
raspicam::watcher::event rename
raspicam::watcher::event rename
raspicam::watcher::event rename
raspicam::watcher::event rename
raspicam::watcher::event rename
raspicam::watcher::event rename
raspicam::watcher::event rename
raspicam::watcher::event rename
raspicam::watcher::event rename
raspicam::watcher::event rename
raspicam::watcher::event rename
raspicam::watcher::event rename
raspicam::watcher::event rename
raspicam::watcher::event rename
raspicam::watcher::event rename
raspicam::watcher::event rename
raspicam::watcher::event rename
raspicam::watcher::event rename
raspicam::watcher::event rename
raspicam::watcher::event rename
raspicam::watcher::event rename
raspicam::watcher::event rename
raspicam::watcher::event rename
raspicam::watcher::event rename
raspicam::watcher::event rename
raspicam::watcher::event rename
raspicam::watcher::event rename
raspicam::watcher::event rename
raspicam::watcher::event rename
raspicam::watcher::event rename
raspicam::watcher::event rename
raspicam::watcher::event rename
raspicam::watcher::event rename
raspicam::watcher::event rename
raspicam::watcher::event rename
raspicam::watcher::event rename
raspicam::watcher::event rename
Sensor reset
Motion detected.
Sensor inactive, not reporting motion.
Sensor reset
Motion detected.
Sensor inactive, not reporting motion.
Sensor reset
Motion detected.
Sensor inactive, not reporting motion.
Sensor reset
Motion detected.
Sensor inactive, not reporting motion.
Sensor reset
